{"C:\\Users\\enzol\\OneDrive\\Bureau\\cours\\node\\tps-main\\tps-main\\Cours_Noded\\tp3\\src\\maths.js": {"path":"C:\\Users\\enzol\\OneDrive\\Bureau\\cours\\node\\tps-main\\tps-main\\Cours_Noded\\tp3\\src\\maths.js","all":false,"statementMap":{"0":{"start":{"line":1,"column":0},"end":{"line":1,"column":3}},"1":{"start":{"line":2,"column":0},"end":{"line":2,"column":12}},"2":{"start":{"line":3,"column":0},"end":{"line":3,"column":20}},"3":{"start":{"line":4,"column":0},"end":{"line":4,"column":20}},"4":{"start":{"line":5,"column":0},"end":{"line":5,"column":30}},"5":{"start":{"line":6,"column":0},"end":{"line":6,"column":3}},"6":{"start":{"line":7,"column":0},"end":{"line":7,"column":25}},"7":{"start":{"line":8,"column":0},"end":{"line":8,"column":26}},"8":{"start":{"line":9,"column":0},"end":{"line":9,"column":58}},"9":{"start":{"line":10,"column":0},"end":{"line":10,"column":40}},"10":{"start":{"line":11,"column":0},"end":{"line":11,"column":5}},"11":{"start":{"line":12,"column":0},"end":{"line":12,"column":17}},"12":{"start":{"line":13,"column":0},"end":{"line":13,"column":1}},"13":{"start":{"line":14,"column":0},"end":{"line":14,"column":0}},"14":{"start":{"line":15,"column":0},"end":{"line":15,"column":3}},"15":{"start":{"line":16,"column":0},"end":{"line":16,"column":12}},"16":{"start":{"line":17,"column":0},"end":{"line":17,"column":20}},"17":{"start":{"line":18,"column":0},"end":{"line":18,"column":20}},"18":{"start":{"line":19,"column":0},"end":{"line":19,"column":33}},"19":{"start":{"line":20,"column":0},"end":{"line":20,"column":3}},"20":{"start":{"line":21,"column":0},"end":{"line":21,"column":25}},"21":{"start":{"line":22,"column":0},"end":{"line":22,"column":26}},"22":{"start":{"line":23,"column":0},"end":{"line":23,"column":56}},"23":{"start":{"line":24,"column":0},"end":{"line":24,"column":38}},"24":{"start":{"line":25,"column":0},"end":{"line":25,"column":3}},"25":{"start":{"line":26,"column":0},"end":{"line":26,"column":15}},"26":{"start":{"line":27,"column":0},"end":{"line":27,"column":59}},"27":{"start":{"line":28,"column":0},"end":{"line":28,"column":3}},"28":{"start":{"line":29,"column":0},"end":{"line":29,"column":17}},"29":{"start":{"line":30,"column":0},"end":{"line":30,"column":1}},"30":{"start":{"line":31,"column":0},"end":{"line":31,"column":0}},"31":{"start":{"line":32,"column":0},"end":{"line":32,"column":18}},"32":{"start":{"line":33,"column":0},"end":{"line":33,"column":11}},"33":{"start":{"line":34,"column":0},"end":{"line":34,"column":11}},"34":{"start":{"line":35,"column":0},"end":{"line":35,"column":2}}},"s":{"0":1,"1":1,"2":1,"3":1,"4":1,"5":1,"6":4,"7":4,"8":4,"9":1,"10":1,"11":3,"12":3,"13":1,"14":1,"15":1,"16":1,"17":1,"18":1,"19":1,"20":4,"21":4,"22":4,"23":1,"24":1,"25":4,"26":1,"27":1,"28":2,"29":2,"30":1,"31":1,"32":1,"33":1,"34":1},"branchMap":{"0":{"type":"branch","line":7,"loc":{"start":{"line":7,"column":0},"end":{"line":13,"column":1}},"locations":[{"start":{"line":7,"column":0},"end":{"line":13,"column":1}}]},"1":{"type":"branch","line":9,"loc":{"start":{"line":9,"column":57},"end":{"line":11,"column":5}},"locations":[{"start":{"line":9,"column":57},"end":{"line":11,"column":5}}]},"2":{"type":"branch","line":11,"loc":{"start":{"line":11,"column":4},"end":{"line":13,"column":1}},"locations":[{"start":{"line":11,"column":4},"end":{"line":13,"column":1}}]},"3":{"type":"branch","line":21,"loc":{"start":{"line":21,"column":0},"end":{"line":30,"column":1}},"locations":[{"start":{"line":21,"column":0},"end":{"line":30,"column":1}}]},"4":{"type":"branch","line":23,"loc":{"start":{"line":23,"column":28},"end":{"line":23,"column":54}},"locations":[{"start":{"line":23,"column":28},"end":{"line":23,"column":54}}]},"5":{"type":"branch","line":23,"loc":{"start":{"line":23,"column":55},"end":{"line":25,"column":3}},"locations":[{"start":{"line":23,"column":55},"end":{"line":25,"column":3}}]},"6":{"type":"branch","line":25,"loc":{"start":{"line":25,"column":2},"end":{"line":26,"column":14}},"locations":[{"start":{"line":25,"column":2},"end":{"line":26,"column":14}}]},"7":{"type":"branch","line":26,"loc":{"start":{"line":26,"column":14},"end":{"line":28,"column":3}},"locations":[{"start":{"line":26,"column":14},"end":{"line":28,"column":3}}]},"8":{"type":"branch","line":28,"loc":{"start":{"line":28,"column":2},"end":{"line":30,"column":1}},"locations":[{"start":{"line":28,"column":2},"end":{"line":30,"column":1}}]}},"b":{"0":[4],"1":[1],"2":[3],"3":[4],"4":[3],"5":[1],"6":[3],"7":[1],"8":[2]},"fnMap":{"0":{"name":"addition","decl":{"start":{"line":7,"column":0},"end":{"line":13,"column":1}},"loc":{"start":{"line":7,"column":0},"end":{"line":13,"column":1}},"line":7},"1":{"name":"quotient","decl":{"start":{"line":21,"column":0},"end":{"line":30,"column":1}},"loc":{"start":{"line":21,"column":0},"end":{"line":30,"column":1}},"line":21}},"f":{"0":4,"1":4}}
,"C:\\Users\\enzol\\OneDrive\\Bureau\\cours\\node\\tps-main\\tps-main\\Cours_Noded\\tp3\\src\\shop.js": {"path":"C:\\Users\\enzol\\OneDrive\\Bureau\\cours\\node\\tps-main\\tps-main\\Cours_Noded\\tp3\\src\\shop.js","all":false,"statementMap":{"0":{"start":{"line":1,"column":0},"end":{"line":1,"column":39}},"1":{"start":{"line":2,"column":0},"end":{"line":2,"column":26}},"2":{"start":{"line":3,"column":0},"end":{"line":3,"column":43}},"3":{"start":{"line":4,"column":0},"end":{"line":4,"column":0}},"4":{"start":{"line":5,"column":0},"end":{"line":5,"column":3}},"5":{"start":{"line":6,"column":0},"end":{"line":6,"column":12}},"6":{"start":{"line":7,"column":0},"end":{"line":7,"column":55}},"7":{"start":{"line":8,"column":0},"end":{"line":8,"column":73}},"8":{"start":{"line":9,"column":0},"end":{"line":9,"column":77}},"9":{"start":{"line":10,"column":0},"end":{"line":10,"column":3}},"10":{"start":{"line":11,"column":0},"end":{"line":11,"column":33}},"11":{"start":{"line":12,"column":0},"end":{"line":12,"column":26}},"12":{"start":{"line":13,"column":0},"end":{"line":13,"column":30}},"13":{"start":{"line":14,"column":0},"end":{"line":14,"column":65}},"14":{"start":{"line":15,"column":0},"end":{"line":15,"column":3}},"15":{"start":{"line":16,"column":0},"end":{"line":16,"column":13}},"16":{"start":{"line":17,"column":0},"end":{"line":17,"column":65}},"17":{"start":{"line":18,"column":0},"end":{"line":18,"column":3}},"18":{"start":{"line":19,"column":0},"end":{"line":19,"column":38}},"19":{"start":{"line":20,"column":0},"end":{"line":20,"column":96}},"20":{"start":{"line":21,"column":0},"end":{"line":21,"column":3}},"21":{"start":{"line":22,"column":0},"end":{"line":22,"column":28}},"22":{"start":{"line":23,"column":0},"end":{"line":23,"column":56}},"23":{"start":{"line":24,"column":0},"end":{"line":24,"column":3}},"24":{"start":{"line":25,"column":0},"end":{"line":25,"column":28}},"25":{"start":{"line":26,"column":0},"end":{"line":26,"column":19}},"26":{"start":{"line":27,"column":0},"end":{"line":27,"column":64}},"27":{"start":{"line":28,"column":0},"end":{"line":28,"column":3}},"28":{"start":{"line":29,"column":0},"end":{"line":29,"column":27}},"29":{"start":{"line":30,"column":0},"end":{"line":30,"column":1}},"30":{"start":{"line":31,"column":0},"end":{"line":31,"column":0}},"31":{"start":{"line":32,"column":0},"end":{"line":32,"column":3}},"32":{"start":{"line":33,"column":0},"end":{"line":33,"column":16}},"33":{"start":{"line":34,"column":0},"end":{"line":34,"column":24}},"34":{"start":{"line":35,"column":0},"end":{"line":35,"column":46}},"35":{"start":{"line":36,"column":0},"end":{"line":36,"column":3}},"36":{"start":{"line":37,"column":0},"end":{"line":37,"column":21}},"37":{"start":{"line":38,"column":0},"end":{"line":38,"column":15}},"38":{"start":{"line":39,"column":0},"end":{"line":39,"column":26}},"39":{"start":{"line":40,"column":0},"end":{"line":40,"column":96}},"40":{"start":{"line":41,"column":0},"end":{"line":41,"column":3}},"41":{"start":{"line":42,"column":0},"end":{"line":42,"column":24}},"42":{"start":{"line":43,"column":0},"end":{"line":43,"column":56}},"43":{"start":{"line":44,"column":0},"end":{"line":44,"column":3}},"44":{"start":{"line":45,"column":0},"end":{"line":45,"column":41}},"45":{"start":{"line":46,"column":0},"end":{"line":46,"column":27}},"46":{"start":{"line":47,"column":0},"end":{"line":47,"column":30}},"47":{"start":{"line":48,"column":0},"end":{"line":48,"column":5}},"48":{"start":{"line":49,"column":0},"end":{"line":49,"column":3}},"49":{"start":{"line":50,"column":0},"end":{"line":50,"column":18}},"50":{"start":{"line":51,"column":0},"end":{"line":51,"column":1}},"51":{"start":{"line":52,"column":0},"end":{"line":52,"column":0}},"52":{"start":{"line":53,"column":0},"end":{"line":53,"column":3}},"53":{"start":{"line":54,"column":0},"end":{"line":54,"column":27}},"54":{"start":{"line":55,"column":0},"end":{"line":55,"column":27}},"55":{"start":{"line":56,"column":0},"end":{"line":56,"column":63}},"56":{"start":{"line":57,"column":0},"end":{"line":57,"column":3}},"57":{"start":{"line":58,"column":0},"end":{"line":58,"column":35}},"58":{"start":{"line":59,"column":0},"end":{"line":59,"column":30}},"59":{"start":{"line":60,"column":0},"end":{"line":60,"column":96}},"60":{"start":{"line":61,"column":0},"end":{"line":61,"column":3}},"61":{"start":{"line":62,"column":0},"end":{"line":62,"column":28}},"62":{"start":{"line":63,"column":0},"end":{"line":63,"column":56}},"63":{"start":{"line":64,"column":0},"end":{"line":64,"column":3}},"64":{"start":{"line":65,"column":0},"end":{"line":65,"column":25}},"65":{"start":{"line":66,"column":0},"end":{"line":66,"column":19}},"66":{"start":{"line":67,"column":0},"end":{"line":67,"column":27}},"67":{"start":{"line":68,"column":0},"end":{"line":68,"column":51}},"68":{"start":{"line":69,"column":0},"end":{"line":69,"column":3}},"69":{"start":{"line":70,"column":0},"end":{"line":70,"column":41}},"70":{"start":{"line":71,"column":0},"end":{"line":71,"column":38}},"71":{"start":{"line":72,"column":0},"end":{"line":72,"column":3}},"72":{"start":{"line":73,"column":0},"end":{"line":73,"column":28}},"73":{"start":{"line":74,"column":0},"end":{"line":74,"column":21}},"74":{"start":{"line":75,"column":0},"end":{"line":75,"column":1}},"75":{"start":{"line":76,"column":0},"end":{"line":76,"column":0}},"76":{"start":{"line":77,"column":0},"end":{"line":77,"column":3}},"77":{"start":{"line":78,"column":0},"end":{"line":78,"column":27}},"78":{"start":{"line":79,"column":0},"end":{"line":79,"column":30}},"79":{"start":{"line":80,"column":0},"end":{"line":80,"column":41}},"80":{"start":{"line":81,"column":0},"end":{"line":81,"column":3}},"81":{"start":{"line":82,"column":0},"end":{"line":82,"column":38}},"82":{"start":{"line":83,"column":0},"end":{"line":83,"column":19}},"83":{"start":{"line":84,"column":0},"end":{"line":84,"column":13}},"84":{"start":{"line":85,"column":0},"end":{"line":85,"column":34}},"85":{"start":{"line":86,"column":0},"end":{"line":86,"column":65}},"86":{"start":{"line":87,"column":0},"end":{"line":87,"column":3}},"87":{"start":{"line":88,"column":0},"end":{"line":88,"column":34}},"88":{"start":{"line":89,"column":0},"end":{"line":89,"column":41}},"89":{"start":{"line":90,"column":0},"end":{"line":90,"column":3}},"90":{"start":{"line":91,"column":0},"end":{"line":91,"column":0}},"91":{"start":{"line":92,"column":0},"end":{"line":92,"column":48}},"92":{"start":{"line":93,"column":0},"end":{"line":93,"column":49}},"93":{"start":{"line":94,"column":0},"end":{"line":94,"column":58}},"94":{"start":{"line":95,"column":0},"end":{"line":95,"column":5}},"95":{"start":{"line":96,"column":0},"end":{"line":96,"column":52}},"96":{"start":{"line":97,"column":0},"end":{"line":97,"column":49}},"97":{"start":{"line":98,"column":0},"end":{"line":98,"column":6}},"98":{"start":{"line":99,"column":0},"end":{"line":99,"column":46}},"99":{"start":{"line":100,"column":0},"end":{"line":100,"column":62}},"100":{"start":{"line":101,"column":0},"end":{"line":101,"column":5}},"101":{"start":{"line":102,"column":0},"end":{"line":102,"column":35}},"102":{"start":{"line":103,"column":0},"end":{"line":103,"column":52}},"103":{"start":{"line":104,"column":0},"end":{"line":104,"column":5}},"104":{"start":{"line":105,"column":0},"end":{"line":105,"column":36}},"105":{"start":{"line":106,"column":0},"end":{"line":106,"column":20}},"106":{"start":{"line":107,"column":0},"end":{"line":107,"column":5}},"107":{"start":{"line":108,"column":0},"end":{"line":108,"column":41}},"108":{"start":{"line":109,"column":0},"end":{"line":109,"column":23}},"109":{"start":{"line":110,"column":0},"end":{"line":110,"column":5}},"110":{"start":{"line":111,"column":0},"end":{"line":111,"column":9}},"111":{"start":{"line":112,"column":0},"end":{"line":112,"column":21}},"112":{"start":{"line":113,"column":0},"end":{"line":113,"column":6}},"113":{"start":{"line":114,"column":0},"end":{"line":114,"column":101}},"114":{"start":{"line":115,"column":0},"end":{"line":115,"column":3}},"115":{"start":{"line":116,"column":0},"end":{"line":116,"column":21}},"116":{"start":{"line":117,"column":0},"end":{"line":117,"column":1}},"117":{"start":{"line":118,"column":0},"end":{"line":118,"column":0}},"118":{"start":{"line":119,"column":0},"end":{"line":119,"column":37}},"119":{"start":{"line":120,"column":0},"end":{"line":120,"column":18}},"120":{"start":{"line":121,"column":0},"end":{"line":121,"column":46}},"121":{"start":{"line":122,"column":0},"end":{"line":122,"column":2}}},"s":{"0":1,"1":1,"2":1,"3":1,"4":1,"5":1,"6":1,"7":1,"8":1,"9":1,"10":6,"11":6,"12":6,"13":1,"14":1,"15":6,"16":1,"17":1,"18":6,"19":1,"20":1,"21":6,"22":1,"23":1,"24":2,"25":6,"26":1,"27":1,"28":1,"29":1,"30":1,"31":1,"32":1,"33":1,"34":1,"35":1,"36":3,"37":3,"38":3,"39":1,"40":1,"41":3,"42":1,"43":1,"44":1,"45":1,"46":0,"47":0,"48":1,"49":1,"50":1,"51":1,"52":1,"53":1,"54":1,"55":1,"56":1,"57":3,"58":3,"59":1,"60":1,"61":3,"62":1,"63":1,"64":1,"65":1,"66":1,"67":1,"68":1,"69":0,"70":0,"71":0,"72":0,"73":0,"74":0,"75":1,"76":1,"77":1,"78":1,"79":1,"80":1,"81":6,"82":6,"83":6,"84":6,"85":1,"86":1,"87":6,"88":1,"89":1,"90":4,"91":6,"92":103,"93":1,"94":1,"95":103,"96":22,"97":103,"98":103,"99":1,"100":1,"101":103,"102":1,"103":1,"104":103,"105":6,"106":6,"107":94,"108":0,"109":0,"110":94,"111":94,"112":103,"113":100,"114":100,"115":1,"116":1,"117":1,"118":1,"119":1,"120":1,"121":1},"branchMap":{"0":{"type":"branch","line":11,"loc":{"start":{"line":11,"column":0},"end":{"line":30,"column":1}},"locations":[{"start":{"line":11,"column":0},"end":{"line":30,"column":1}}]},"1":{"type":"branch","line":13,"loc":{"start":{"line":13,"column":29},"end":{"line":15,"column":3}},"locations":[{"start":{"line":13,"column":29},"end":{"line":15,"column":3}}]},"2":{"type":"branch","line":15,"loc":{"start":{"line":15,"column":2},"end":{"line":16,"column":12}},"locations":[{"start":{"line":15,"column":2},"end":{"line":16,"column":12}}]},"3":{"type":"branch","line":16,"loc":{"start":{"line":16,"column":12},"end":{"line":18,"column":3}},"locations":[{"start":{"line":16,"column":12},"end":{"line":18,"column":3}}]},"4":{"type":"branch","line":18,"loc":{"start":{"line":18,"column":2},"end":{"line":19,"column":37}},"locations":[{"start":{"line":18,"column":2},"end":{"line":19,"column":37}}]},"5":{"type":"branch","line":19,"loc":{"start":{"line":19,"column":37},"end":{"line":21,"column":3}},"locations":[{"start":{"line":19,"column":37},"end":{"line":21,"column":3}}]},"6":{"type":"branch","line":21,"loc":{"start":{"line":21,"column":2},"end":{"line":22,"column":27}},"locations":[{"start":{"line":21,"column":2},"end":{"line":22,"column":27}}]},"7":{"type":"branch","line":22,"loc":{"start":{"line":22,"column":27},"end":{"line":24,"column":3}},"locations":[{"start":{"line":22,"column":27},"end":{"line":24,"column":3}}]},"8":{"type":"branch","line":24,"loc":{"start":{"line":24,"column":2},"end":{"line":26,"column":18}},"locations":[{"start":{"line":24,"column":2},"end":{"line":26,"column":18}}]},"9":{"type":"branch","line":26,"loc":{"start":{"line":26,"column":18},"end":{"line":30,"column":1}},"locations":[{"start":{"line":26,"column":18},"end":{"line":30,"column":1}}]},"10":{"type":"branch","line":37,"loc":{"start":{"line":37,"column":0},"end":{"line":51,"column":1}},"locations":[{"start":{"line":37,"column":0},"end":{"line":51,"column":1}}]},"11":{"type":"branch","line":39,"loc":{"start":{"line":39,"column":25},"end":{"line":41,"column":3}},"locations":[{"start":{"line":39,"column":25},"end":{"line":41,"column":3}}]},"12":{"type":"branch","line":41,"loc":{"start":{"line":41,"column":2},"end":{"line":42,"column":23}},"locations":[{"start":{"line":41,"column":2},"end":{"line":42,"column":23}}]},"13":{"type":"branch","line":42,"loc":{"start":{"line":42,"column":23},"end":{"line":51,"column":1}},"locations":[{"start":{"line":42,"column":23},"end":{"line":51,"column":1}}]},"14":{"type":"branch","line":46,"loc":{"start":{"line":46,"column":26},"end":{"line":48,"column":5}},"locations":[{"start":{"line":46,"column":26},"end":{"line":48,"column":5}}]},"15":{"type":"branch","line":58,"loc":{"start":{"line":58,"column":0},"end":{"line":75,"column":1}},"locations":[{"start":{"line":58,"column":0},"end":{"line":75,"column":1}}]},"16":{"type":"branch","line":59,"loc":{"start":{"line":59,"column":29},"end":{"line":61,"column":3}},"locations":[{"start":{"line":59,"column":29},"end":{"line":61,"column":3}}]},"17":{"type":"branch","line":61,"loc":{"start":{"line":61,"column":2},"end":{"line":62,"column":27}},"locations":[{"start":{"line":61,"column":2},"end":{"line":62,"column":27}}]},"18":{"type":"branch","line":62,"loc":{"start":{"line":62,"column":27},"end":{"line":69,"column":3}},"locations":[{"start":{"line":62,"column":27},"end":{"line":69,"column":3}}]},"19":{"type":"branch","line":69,"loc":{"start":{"line":69,"column":2},"end":{"line":75,"column":1}},"locations":[{"start":{"line":69,"column":2},"end":{"line":75,"column":1}}]},"20":{"type":"branch","line":82,"loc":{"start":{"line":82,"column":0},"end":{"line":117,"column":1}},"locations":[{"start":{"line":82,"column":0},"end":{"line":117,"column":1}}]},"21":{"type":"branch","line":85,"loc":{"start":{"line":85,"column":33},"end":{"line":87,"column":3}},"locations":[{"start":{"line":85,"column":33},"end":{"line":87,"column":3}}]},"22":{"type":"branch","line":87,"loc":{"start":{"line":87,"column":2},"end":{"line":88,"column":33}},"locations":[{"start":{"line":87,"column":2},"end":{"line":88,"column":33}}]},"23":{"type":"branch","line":88,"loc":{"start":{"line":88,"column":33},"end":{"line":90,"column":3}},"locations":[{"start":{"line":88,"column":33},"end":{"line":90,"column":3}}]},"24":{"type":"branch","line":90,"loc":{"start":{"line":90,"column":2},"end":{"line":92,"column":47}},"locations":[{"start":{"line":90,"column":2},"end":{"line":92,"column":47}}]},"25":{"type":"branch","line":92,"loc":{"start":{"line":92,"column":47},"end":{"line":115,"column":3}},"locations":[{"start":{"line":92,"column":47},"end":{"line":115,"column":3}}]},"26":{"type":"branch","line":93,"loc":{"start":{"line":93,"column":48},"end":{"line":95,"column":5}},"locations":[{"start":{"line":93,"column":48},"end":{"line":95,"column":5}}]},"27":{"type":"branch","line":95,"loc":{"start":{"line":95,"column":4},"end":{"line":96,"column":51}},"locations":[{"start":{"line":95,"column":4},"end":{"line":96,"column":51}}]},"28":{"type":"branch","line":96,"loc":{"start":{"line":96,"column":51},"end":{"line":98,"column":5}},"locations":[{"start":{"line":96,"column":51},"end":{"line":98,"column":5}}]},"29":{"type":"branch","line":98,"loc":{"start":{"line":98,"column":4},"end":{"line":99,"column":45}},"locations":[{"start":{"line":98,"column":4},"end":{"line":99,"column":45}}]},"30":{"type":"branch","line":99,"loc":{"start":{"line":99,"column":45},"end":{"line":101,"column":5}},"locations":[{"start":{"line":99,"column":45},"end":{"line":101,"column":5}}]},"31":{"type":"branch","line":101,"loc":{"start":{"line":101,"column":4},"end":{"line":102,"column":34}},"locations":[{"start":{"line":101,"column":4},"end":{"line":102,"column":34}}]},"32":{"type":"branch","line":102,"loc":{"start":{"line":102,"column":34},"end":{"line":104,"column":5}},"locations":[{"start":{"line":102,"column":34},"end":{"line":104,"column":5}}]},"33":{"type":"branch","line":104,"loc":{"start":{"line":104,"column":4},"end":{"line":105,"column":35}},"locations":[{"start":{"line":104,"column":4},"end":{"line":105,"column":35}}]},"34":{"type":"branch","line":105,"loc":{"start":{"line":105,"column":35},"end":{"line":107,"column":5}},"locations":[{"start":{"line":105,"column":35},"end":{"line":107,"column":5}}]},"35":{"type":"branch","line":108,"loc":{"start":{"line":108,"column":-1},"end":{"line":113,"column":5}},"locations":[{"start":{"line":108,"column":-1},"end":{"line":113,"column":5}}]},"36":{"type":"branch","line":108,"loc":{"start":{"line":108,"column":40},"end":{"line":110,"column":5}},"locations":[{"start":{"line":108,"column":40},"end":{"line":110,"column":5}}]},"37":{"type":"branch","line":113,"loc":{"start":{"line":113,"column":4},"end":{"line":115,"column":3}},"locations":[{"start":{"line":113,"column":4},"end":{"line":115,"column":3}}]},"38":{"type":"branch","line":115,"loc":{"start":{"line":115,"column":2},"end":{"line":117,"column":1}},"locations":[{"start":{"line":115,"column":2},"end":{"line":117,"column":1}}]}},"b":{"0":[6],"1":[1],"2":[5],"3":[1],"4":[4],"5":[1],"6":[3],"7":[1],"8":[2],"9":[1],"10":[3],"11":[1],"12":[2],"13":[1],"14":[0],"15":[3],"16":[1],"17":[2],"18":[1],"19":[0],"20":[6],"21":[1],"22":[5],"23":[1],"24":[4],"25":[103],"26":[1],"27":[102],"28":[22],"29":[102],"30":[1],"31":[101],"32":[1],"33":[100],"34":[6],"35":[94],"36":[0],"37":[100],"38":[1]},"fnMap":{"0":{"name":"getUser","decl":{"start":{"line":11,"column":0},"end":{"line":30,"column":1}},"loc":{"start":{"line":11,"column":0},"end":{"line":30,"column":1}},"line":11},"1":{"name":"age","decl":{"start":{"line":37,"column":0},"end":{"line":51,"column":1}},"loc":{"start":{"line":37,"column":0},"end":{"line":51,"column":1}},"line":37},"2":{"name":"getPhoneNumber","decl":{"start":{"line":58,"column":0},"end":{"line":75,"column":1}},"loc":{"start":{"line":58,"column":0},"end":{"line":75,"column":1}},"line":58},"3":{"name":"getInfoProduit","decl":{"start":{"line":82,"column":0},"end":{"line":117,"column":1}},"loc":{"start":{"line":82,"column":0},"end":{"line":117,"column":1}},"line":82}},"f":{"0":6,"1":3,"2":3,"3":6}}
}
