TN:
SF:maths.js
FN:7,addition
FN:21,quotient
FNF:2
FNH:2
FNDA:4,addition
FNDA:4,quotient
DA:1,1
DA:2,1
DA:3,1
DA:4,1
DA:5,1
DA:6,1
DA:7,4
DA:8,4
DA:9,4
DA:10,1
DA:11,1
DA:12,3
DA:13,3
DA:14,1
DA:15,1
DA:16,1
DA:17,1
DA:18,1
DA:19,1
DA:20,1
DA:21,4
DA:22,4
DA:23,4
DA:24,1
DA:25,1
DA:26,4
DA:27,1
DA:28,1
DA:29,2
DA:30,2
DA:31,1
DA:32,1
DA:33,1
DA:34,1
DA:35,1
LF:35
LH:35
BRDA:7,0,0,4
BRDA:9,1,0,1
BRDA:11,2,0,3
BRDA:21,3,0,4
BRDA:23,4,0,3
BRDA:23,5,0,1
BRDA:25,6,0,3
BRDA:26,7,0,1
BRDA:28,8,0,2
BRF:9
BRH:9
end_of_record
TN:
SF:shop.js
FN:7,getUser
FNF:1
FNH:1
FNDA:6,getUser
DA:1,1
DA:2,1
DA:3,1
DA:4,1
DA:5,1
DA:6,1
DA:7,6
DA:8,6
DA:9,6
DA:10,1
DA:11,1
DA:12,6
DA:13,1
DA:14,1
DA:15,6
DA:16,1
DA:17,1
DA:18,6
DA:19,1
DA:20,1
DA:21,2
DA:22,6
DA:23,1
DA:24,1
DA:25,1
DA:26,1
DA:27,1
DA:28,1
DA:29,1
DA:30,1
LF:30
LH:30
BRDA:7,0,0,6
BRDA:9,1,0,1
BRDA:11,2,0,5
BRDA:12,3,0,1
BRDA:14,4,0,4
BRDA:15,5,0,1
BRDA:17,6,0,3
BRDA:18,7,0,1
BRDA:20,8,0,2
BRDA:22,9,0,1
BRF:10
BRH:10
end_of_record
