TN:
SF:maths.js
FN:7,addition
FN:21,quotient
FNF:2
FNH:2
FNDA:4,addition
FNDA:4,quotient
DA:1,1
DA:2,1
DA:3,1
DA:4,1
DA:5,1
DA:6,1
DA:7,4
DA:8,4
DA:9,4
DA:10,1
DA:11,1
DA:12,3
DA:13,3
DA:14,1
DA:15,1
DA:16,1
DA:17,1
DA:18,1
DA:19,1
DA:20,1
DA:21,4
DA:22,4
DA:23,4
DA:24,1
DA:25,1
DA:26,4
DA:27,1
DA:28,1
DA:29,2
DA:30,2
DA:31,1
DA:32,1
DA:33,1
DA:34,1
DA:35,1
LF:35
LH:35
BRDA:7,0,0,4
BRDA:9,1,0,1
BRDA:11,2,0,3
BRDA:21,3,0,4
BRDA:23,4,0,3
BRDA:23,5,0,1
BRDA:25,6,0,3
BRDA:26,7,0,1
BRDA:28,8,0,2
BRF:9
BRH:9
end_of_record
TN:
SF:shop.js
FN:11,getUser
FN:37,age
FN:58,getPhoneNumber
FN:82,getInfoProduit
FNF:4
FNH:4
FNDA:6,getUser
FNDA:3,age
FNDA:3,getPhoneNumber
FNDA:6,getInfoProduit
DA:1,1
DA:2,1
DA:3,1
DA:4,1
DA:5,1
DA:6,1
DA:7,1
DA:8,1
DA:9,1
DA:10,1
DA:11,6
DA:12,6
DA:13,6
DA:14,1
DA:15,1
DA:16,6
DA:17,1
DA:18,1
DA:19,6
DA:20,1
DA:21,1
DA:22,6
DA:23,1
DA:24,1
DA:25,2
DA:26,6
DA:27,1
DA:28,1
DA:29,1
DA:30,1
DA:31,1
DA:32,1
DA:33,1
DA:34,1
DA:35,1
DA:36,1
DA:37,3
DA:38,3
DA:39,3
DA:40,1
DA:41,1
DA:42,3
DA:43,1
DA:44,1
DA:45,1
DA:46,1
DA:47,0
DA:48,0
DA:49,1
DA:50,1
DA:51,1
DA:52,1
DA:53,1
DA:54,1
DA:55,1
DA:56,1
DA:57,1
DA:58,3
DA:59,3
DA:60,1
DA:61,1
DA:62,3
DA:63,1
DA:64,1
DA:65,1
DA:66,1
DA:67,1
DA:68,1
DA:69,1
DA:70,0
DA:71,0
DA:72,0
DA:73,0
DA:74,0
DA:75,0
DA:76,1
DA:77,1
DA:78,1
DA:79,1
DA:80,1
DA:81,1
DA:82,6
DA:83,6
DA:84,6
DA:85,6
DA:86,1
DA:87,1
DA:88,6
DA:89,1
DA:90,1
DA:91,4
DA:92,6
DA:93,103
DA:94,1
DA:95,1
DA:96,103
DA:97,22
DA:98,103
DA:99,103
DA:100,1
DA:101,1
DA:102,103
DA:103,1
DA:104,1
DA:105,103
DA:106,6
DA:107,6
DA:108,94
DA:109,0
DA:110,0
DA:111,94
DA:112,94
DA:113,103
DA:114,100
DA:115,100
DA:116,1
DA:117,1
DA:118,1
DA:119,1
DA:120,1
DA:121,1
DA:122,1
LF:122
LH:112
BRDA:11,0,0,6
BRDA:13,1,0,1
BRDA:15,2,0,5
BRDA:16,3,0,1
BRDA:18,4,0,4
BRDA:19,5,0,1
BRDA:21,6,0,3
BRDA:22,7,0,1
BRDA:24,8,0,2
BRDA:26,9,0,1
BRDA:37,10,0,3
BRDA:39,11,0,1
BRDA:41,12,0,2
BRDA:42,13,0,1
BRDA:46,14,0,0
BRDA:58,15,0,3
BRDA:59,16,0,1
BRDA:61,17,0,2
BRDA:62,18,0,1
BRDA:69,19,0,0
BRDA:82,20,0,6
BRDA:85,21,0,1
BRDA:87,22,0,5
BRDA:88,23,0,1
BRDA:90,24,0,4
BRDA:92,25,0,103
BRDA:93,26,0,1
BRDA:95,27,0,102
BRDA:96,28,0,22
BRDA:98,29,0,102
BRDA:99,30,0,1
BRDA:101,31,0,101
BRDA:102,32,0,1
BRDA:104,33,0,100
BRDA:105,34,0,6
BRDA:108,35,0,94
BRDA:108,36,0,0
BRDA:113,37,0,100
BRDA:115,38,0,1
BRF:39
BRH:36
end_of_record
